<?xml version="1.0" encoding="UTF-8"?>
<!-- Generated by org.testng.reporters.JUnitXMLReporter -->
<testsuite ignored="0" hostname="sai" failures="1" tests="2" name="Test" time="40.514" errors="0" timestamp="2023-09-08T12:52:42 IST">
  <testcase classname="com.wipro.makemytrip.testcases.Bookingbus" name="booking" time="2.365"/>
  <testcase classname="com.wipro.makemytrip.testcases.HomepageTest" name="LoginTest" time="5.4">
    <failure type="org.openqa.selenium.NoSuchFrameException" message="Unable to locate frame with index: 7
Build info: version: &amp;apos;4.10.0&amp;apos;, revision: &amp;apos;c14d967899&amp;apos;
System info: os.name: &amp;apos;Windows 10&amp;apos;, os.arch: &amp;apos;amd64&amp;apos;, os.version: &amp;apos;10.0&amp;apos;, java.version: &amp;apos;20.0.2&amp;apos;
Driver info: org.openqa.selenium.firefox.FirefoxDriver
Command: [8dda9d8e-f58f-4822-b90b-f20b6a7ebf1b, switchToFrame {id=7}]
Capabilities {acceptInsecureCerts: true, browserName: firefox, browserVersion: 115.2.0, moz:accessibilityChecks: false, moz:buildID: 20230821110938, moz:debuggerAddress: 127.0.0.1:27311, moz:geckodriverVersion: 0.33.0, moz:headless: false, moz:platformVersion: 10.0, moz:processID: 13592, moz:profile: C:\Users\ideal\AppData\Loca..., moz:shutdownTimeout: 60000, moz:useNonSpecCompliantPointerOrigin: false, moz:webdriverClick: true, moz:windowless: false, pageLoadStrategy: normal, platformName: windows, proxy: Proxy(), se:cdp: ws://127.0.0.1:27311/devtoo..., se:cdpVersion: 85.0, setWindowRect: true, strictFileInteractability: false, timeouts: {implicit: 0, pageLoad: 300000, script: 30000}, unhandledPromptBehavior: dismiss and notify}
Session ID: 8dda9d8e-f58f-4822-b90b-f20b6a7ebf1b">
      <![CDATA[org.openqa.selenium.NoSuchFrameException: Unable to locate frame with index: 7
Build info: version: '4.10.0', revision: 'c14d967899'
System info: os.name: 'Windows 10', os.arch: 'amd64', os.version: '10.0', java.version: '20.0.2'
Driver info: org.openqa.selenium.firefox.FirefoxDriver
Command: [8dda9d8e-f58f-4822-b90b-f20b6a7ebf1b, switchToFrame {id=7}]
Capabilities {acceptInsecureCerts: true, browserName: firefox, browserVersion: 115.2.0, moz:accessibilityChecks: false, moz:buildID: 20230821110938, moz:debuggerAddress: 127.0.0.1:27311, moz:geckodriverVersion: 0.33.0, moz:headless: false, moz:platformVersion: 10.0, moz:processID: 13592, moz:profile: C:\Users\ideal\AppData\Loca..., moz:shutdownTimeout: 60000, moz:useNonSpecCompliantPointerOrigin: false, moz:webdriverClick: true, moz:windowless: false, pageLoadStrategy: normal, platformName: windows, proxy: Proxy(), se:cdp: ws://127.0.0.1:27311/devtoo..., se:cdpVersion: 85.0, setWindowRect: true, strictFileInteractability: false, timeouts: {implicit: 0, pageLoad: 300000, script: 30000}, unhandledPromptBehavior: dismiss and notify}
Session ID: 8dda9d8e-f58f-4822-b90b-f20b6a7ebf1b
at org.openqa.selenium.remote.codec.w3c.W3CHttpResponseCodec.createException(W3CHttpResponseCodec.java:199)
at org.openqa.selenium.remote.codec.w3c.W3CHttpResponseCodec.decode(W3CHttpResponseCodec.java:132)
at org.openqa.selenium.remote.codec.w3c.W3CHttpResponseCodec.decode(W3CHttpResponseCodec.java:51)
at org.openqa.selenium.remote.HttpCommandExecutor.execute(HttpCommandExecutor.java:191)
at org.openqa.selenium.remote.service.DriverCommandExecutor.invokeExecute(DriverCommandExecutor.java:196)
at org.openqa.selenium.remote.service.DriverCommandExecutor.execute(DriverCommandExecutor.java:171)
at org.openqa.selenium.remote.RemoteWebDriver.execute(RemoteWebDriver.java:531)
at org.openqa.selenium.remote.RemoteWebDriver$RemoteTargetLocator.frame(RemoteWebDriver.java:1002)
at com.wipro.makemytrip.testcases.HomepageTest.LoginTest(HomepageTest.java:34)
at java.base/java.util.ArrayList.forEach(ArrayList.java:1511)
... Removed 28 stack frames]]>
    </failure>
  </testcase> <!-- LoginTest -->
</testsuite> <!-- Test -->
