<?xml version="1.0" encoding="UTF-8"?>
<testng-results ignored="0" total="1" passed="1" failed="0" skipped="0">
  <reporter-output>
  </reporter-output>
  <suite started-at="2023-09-27T12:16:55 IST" name="Default suite" finished-at="2023-09-27T12:17:12 IST" duration-ms="17024">
    <groups>
    </groups>
    <test started-at="2023-09-27T12:16:55 IST" name="Default test" finished-at="2023-09-27T12:17:12 IST" duration-ms="17024">
      <class name="com.wipro.makemytrip.testcases.HomepageTest">
        <test-method is-config="true" signature="setup()[pri:0, instance:com.wipro.makemytrip.testcases.HomepageTest@470734c3]" started-at="2023-09-27T12:16:55 IST" name="setup" finished-at="2023-09-27T12:17:06 IST" duration-ms="10694" status="PASS">
          <reporter-output>
          </reporter-output>
        </test-method> <!-- setup -->
        <test-method signature="LoginTest()[pri:0, instance:com.wipro.makemytrip.testcases.HomepageTest@470734c3]" started-at="2023-09-27T12:17:06 IST" name="LoginTest" finished-at="2023-09-27T12:17:10 IST" duration-ms="4188" status="PASS">
          <reporter-output>
          </reporter-output>
        </test-method> <!-- LoginTest -->
        <test-method is-config="true" signature="tear_down()[pri:0, instance:com.wipro.makemytrip.testcases.HomepageTest@470734c3]" started-at="2023-09-27T12:17:10 IST" name="tear_down" finished-at="2023-09-27T12:17:12 IST" duration-ms="2064" status="PASS">
          <reporter-output>
          </reporter-output>
        </test-method> <!-- tear_down -->
      </class> <!-- com.wipro.makemytrip.testcases.HomepageTest -->
    </test> <!-- Default test -->
  </suite> <!-- Default suite -->
</testng-results>
